<?xml version="1.0" encoding="UTF-8"?>
<testng-results skipped="0" failed="0" ignored="0" total="0" passed="0">
  <reporter-output>
  </reporter-output>
  <suite name="RegressionSuite.TestHomePage" duration-ms="2" started-at="2019-05-16T06:09:45Z" finished-at="2019-05-16T06:09:45Z">
    <groups>
    </groups>
    <test name="Command line test" duration-ms="2" started-at="2019-05-16T06:09:45Z" finished-at="2019-05-16T06:09:45Z">
    </test> <!-- Command line test -->
  </suite> <!-- RegressionSuite.TestHomePage -->
</testng-results>
